<?xml version="1.0" encoding="UTF-8"?>
<!-- Generated by org.testng.reporters.JUnitXMLReporter -->
<testsuite ignored="0" hostname="CSGBTPLT704" failures="0" tests="0" name="Regression" time="1.733" errors="0" timestamp="2024-05-03T15:37:04 IST">
  <testcase classname="io.cucumber.testng.AbstractTestNGCucumberTests" name="@BeforeClass setUpClass" time="0.139">
    <failure type="java.lang.IllegalArgumentException" message="path must exist: D:\Appium_Automation_Framework\Appium_Automation_FrameWork\src\test\java\FeatureFiles\CCDefaultFlowBodyCameraStatus.feature">
      <![CDATA[java.lang.IllegalArgumentException: path must exist: D:\Appium_Automation_Framework\Appium_Automation_FrameWork\src\test\java\FeatureFiles\CCDefaultFlowBodyCameraStatus.feature
at io.cucumber.core.resource.PathScanner.findResourcesForPath(PathScanner.java:49)
at io.cucumber.core.resource.PathScanner.findResourcesForUri(PathScanner.java:31)
at io.cucumber.core.resource.ResourceScanner.findResourcesForUri(ResourceScanner.java:61)
at io.cucumber.core.resource.ResourceScanner.scanForResourcesUri(ResourceScanner.java:134)
at io.cucumber.core.runtime.FeaturePathFeatureSupplier.loadFeatures(FeaturePathFeatureSupplier.java:62)
at io.cucumber.core.runtime.FeaturePathFeatureSupplier.get(FeaturePathFeatureSupplier.java:45)
at io.cucumber.testng.TestNGCucumberRunner.<init>(TestNGCucumberRunner.java:122)
at io.cucumber.testng.AbstractTestNGCucumberTests.setUpClass(AbstractTestNGCucumberTests.java:27)
at java.base/java.util.ArrayList.forEach(ArrayList.java:1596)
... Removed 23 stack frames]]>
    </failure>
  </testcase> <!-- @BeforeClass setUpClass -->
  <testcase classname="TestRunners.Regression" name="@BeforeClass beforeCalss" time="0.0">
    <skipped/>
  </testcase> <!-- @BeforeClass beforeCalss -->
</testsuite> <!-- Regression -->
