<?xml version="1.0" encoding="UTF-8"?>
<!-- Generated by org.testng.reporters.JUnitReportReporter -->
<testsuite hostname="CSGBTPLT704" failures="1" tests="1" name="Focus_MobileApp_TestRunner.FMA_Sanity01" time="63.509" errors="0" timestamp="2023-12-28T18:09:10 IST" skipped="0">
  <testcase classname="Focus_MobileApp_TestRunner.FMA_Sanity01" name="runScenario" time="63.509">
    <failure message="The following asserts failed:
	null" type="java.lang.AssertionError">
      <![CDATA[java.lang.AssertionError: The following asserts failed:
null
at org.testng.asserts.SoftAssert.assertAll(SoftAssert.java:46)
at org.testng.asserts.SoftAssert.assertAll(SoftAssert.java:30)
at Focus_MobileApp.StepDefinitions.Hooks.teardown(Hooks.java:49)
]]>
    </failure>
  </testcase> <!-- runScenario -->
  <system-out/>
</testsuite> <!-- Focus_MobileApp_TestRunner.FMA_Sanity01 -->
